c:\users\jrkel\documents\software engineering\v3helloclassfactory\debug\vc141.pdb
c:\users\jrkel\documents\software engineering\v3helloclassfactory\debug\vc141.idb
c:\users\jrkel\documents\software engineering\v3helloclassfactory\debug\securemessagefactory.obj
c:\users\jrkel\documents\software engineering\v3helloclassfactory\debug\securemessage.obj
c:\users\jrkel\documents\software engineering\v3helloclassfactory\debug\name.obj
c:\users\jrkel\documents\software engineering\v3helloclassfactory\debug\messagefactory.obj
c:\users\jrkel\documents\software engineering\v3helloclassfactory\debug\message.obj
c:\users\jrkel\documents\software engineering\v3helloclassfactory\debug\flexiblehello3.obj
c:\users\jrkel\documents\software engineering\v3helloclassfactory\debug\encryptor.obj
c:\users\jrkel\documents\software engineering\v3helloclassfactory\debug\loudmessagefactory.obj
c:\users\jrkel\documents\software engineering\v3helloclassfactory\debug\loudmessage.obj
c:\users\jrkel\documents\software engineering\v3helloclassfactory\debug\helloclassfactory.exe
c:\users\jrkel\documents\software engineering\v3helloclassfactory\debug\helloclassfactory.ilk
c:\users\jrkel\documents\software engineering\v3helloclassfactory\debug\helloclassfactory.pdb
c:\users\jrkel\documents\software engineering\v3helloclassfactory\debug\hellocla.54d36216.tlog\cl.command.1.tlog
c:\users\jrkel\documents\software engineering\v3helloclassfactory\debug\hellocla.54d36216.tlog\cl.read.1.tlog
c:\users\jrkel\documents\software engineering\v3helloclassfactory\debug\hellocla.54d36216.tlog\cl.write.1.tlog
c:\users\jrkel\documents\software engineering\v3helloclassfactory\debug\hellocla.54d36216.tlog\link.command.1.tlog
c:\users\jrkel\documents\software engineering\v3helloclassfactory\debug\hellocla.54d36216.tlog\link.read.1.tlog
c:\users\jrkel\documents\software engineering\v3helloclassfactory\debug\hellocla.54d36216.tlog\link.write.1.tlog
